<object-stream>
<org.drools.audit.event.ActivationLogEvent>
  <type>4</type>
  <activationId>Process VPN [5]</activationId>
  <rule>Process VPN</rule>
  <declarations>alarm=EnrichedAlarm [tunable=null, suppressed=false, alarmState=pending, nodeType=PE, deviceType=JUNIPER MX SERIES, alarmTargetExists=true, deviceLevelExists=false, origMEClass=EVCNODE, deviceName=null, deviceModel=null, portAid=null, operational=true, remoteDeviceIpaddr=null, remoteDeviceType=CIENA NTE, remotePortAid=null, remotePortNumber=null, datasource=null, inEffect=null, multiUni=null, multiNni=null, sequenceNumber=0, remotePportInstanceName=null, remoteDeviceModel=null, remoteDeviceName=null, legacyOrgInd=null, severity=1, pportInfoExists=false, remotePPortInfoExists=false, uninni=null, pportLegacyOrgInd=null, cardType=null, ds1CktId=null, evcName=null, nVlanIdTop=null, deviceSubRole=null, remotePportClfi=null, remotePportDiverseCktId=null, remotePportAafdaRole=null, remotePportPortNum=null, remotePportKey=null, duplicate=false, originalIdentifier=null, sendToCdc=false, passthru=false, containingPPort=null, lPortScpService=null, cdcPportClfi=null, localPeeringPort=null, remotePeeringPort=null, aafDaRole=null, diverseCircuitID=null, relatedCLLI=null, relatedPortAID=null, decomposed=false, decomposedAlarms=null, redundantNNIPorts=null, hasMis=false, issendToCpeCdc=false, additionalCLFIInfo=null, remotePPortHasMis=false, correspondingPPortRemoteDeviceType=null, lportServiceName=null, localPortAid=null, hairPinIndicator=null, ptnii=null, portLagId=null, nmvlan=null, slavlan=null, remoteDeviceIpAddrFromLocalPort=null, remoteDeviceTypeFromLocalPort=null, remotePePportInstanceName=null, remotePePportClfi=null, remotePePportDevieType=null, remotePePportPortAid=null, remotePePportPortNum=null, deviceRole=null, isCpeCdcEvent=false, vlanId=null, isPurgeIntervalExpired=null](5)</declarations>
</org.drools.audit.event.ActivationLogEvent>
<org.drools.audit.event.ObjectLogEvent>
  <type>1</type>
  <factId>5</factId>
  <objectToString>EnrichedAlarm [tunable=null, suppressed=false, alarmState=pending, nodeType=PE, deviceType=JUNIPER MX SERIES, alarmTargetExists=true, deviceLevelExists=false, origMEClass=EVCNODE, deviceName=null, deviceModel=null, portAid=null, operational=true, remoteDeviceIpaddr=null, remoteDeviceType=CIENA NTE, remotePortAid=null, remotePortNumber=null, datasource=null, inEffect=null, multiUni=null, multiNni=null, sequenceNumber=0, remotePportInstanceName=null, remoteDeviceModel=null, remoteDeviceName=null, legacyOrgInd=null, severity=1, pportInfoExists=false, remotePPortInfoExists=false, uninni=null, pportLegacyOrgInd=null, cardType=null, ds1CktId=null, evcName=null, nVlanIdTop=null, deviceSubRole=null, remotePportClfi=null, remotePportDiverseCktId=null, remotePportAafdaRole=null, remotePportPortNum=null, remotePportKey=null, duplicate=false, originalIdentifier=null, sendToCdc=false, passthru=false, containingPPort=null, lPortScpService=null, cdcPportClfi=null, localPeeringPort=null, remotePeeringPort=null, aafDaRole=null, diverseCircuitID=null, relatedCLLI=null, relatedPortAID=null, decomposed=false, decomposedAlarms=null, redundantNNIPorts=null, hasMis=false, issendToCpeCdc=false, additionalCLFIInfo=null, remotePPortHasMis=false, correspondingPPortRemoteDeviceType=null, lportServiceName=null, localPortAid=null, hairPinIndicator=null, ptnii=null, portLagId=null, nmvlan=null, slavlan=null, remoteDeviceIpAddrFromLocalPort=null, remoteDeviceTypeFromLocalPort=null, remotePePportInstanceName=null, remotePePportClfi=null, remotePePportDevieType=null, remotePePportPortAid=null, remotePePportPortNum=null, deviceRole=null, isCpeCdcEvent=false, vlanId=null, isPurgeIntervalExpired=null]</objectToString>
</org.drools.audit.event.ObjectLogEvent>
<org.drools.audit.event.ActivationLogEvent>
  <type>6</type>
  <activationId>Process VPN [5]</activationId>
  <rule>Process VPN</rule>
  <declarations>alarm=EnrichedAlarm [tunable=null, suppressed=false, alarmState=pending, nodeType=PE, deviceType=JUNIPER MX SERIES, alarmTargetExists=true, deviceLevelExists=false, origMEClass=EVCNODE, deviceName=null, deviceModel=null, portAid=null, operational=true, remoteDeviceIpaddr=null, remoteDeviceType=CIENA NTE, remotePortAid=null, remotePortNumber=null, datasource=null, inEffect=null, multiUni=null, multiNni=null, sequenceNumber=0, remotePportInstanceName=null, remoteDeviceModel=null, remoteDeviceName=null, legacyOrgInd=null, severity=1, pportInfoExists=false, remotePPortInfoExists=false, uninni=null, pportLegacyOrgInd=null, cardType=null, ds1CktId=null, evcName=null, nVlanIdTop=null, deviceSubRole=null, remotePportClfi=null, remotePportDiverseCktId=null, remotePportAafdaRole=null, remotePportPortNum=null, remotePportKey=null, duplicate=false, originalIdentifier=null, sendToCdc=false, passthru=false, containingPPort=null, lPortScpService=null, cdcPportClfi=null, localPeeringPort=null, remotePeeringPort=null, aafDaRole=null, diverseCircuitID=null, relatedCLLI=null, relatedPortAID=null, decomposed=false, decomposedAlarms=null, redundantNNIPorts=null, hasMis=false, issendToCpeCdc=false, additionalCLFIInfo=null, remotePPortHasMis=false, correspondingPPortRemoteDeviceType=null, lportServiceName=null, localPortAid=null, hairPinIndicator=null, ptnii=null, portLagId=null, nmvlan=null, slavlan=null, remoteDeviceIpAddrFromLocalPort=null, remoteDeviceTypeFromLocalPort=null, remotePePportInstanceName=null, remotePePportClfi=null, remotePePportDevieType=null, remotePePportPortAid=null, remotePePportPortNum=null, deviceRole=null, isCpeCdcEvent=false, vlanId=null, isPurgeIntervalExpired=null](5)</declarations>
</org.drools.audit.event.ActivationLogEvent>
<org.drools.audit.event.ObjectLogEvent>
  <type>2</type>
  <factId>5</factId>
  <objectToString>EnrichedAlarm [tunable=null, suppressed=false, alarmState=pending, nodeType=PE, deviceType=JUNIPER MX SERIES, alarmTargetExists=true, deviceLevelExists=false, origMEClass=EVCNODE, deviceName=null, deviceModel=null, portAid=null, operational=true, remoteDeviceIpaddr=null, remoteDeviceType=CIENA NTE, remotePortAid=null, remotePortNumber=null, datasource=null, inEffect=null, multiUni=null, multiNni=null, sequenceNumber=0, remotePportInstanceName=null, remoteDeviceModel=null, remoteDeviceName=null, legacyOrgInd=null, severity=1, pportInfoExists=false, remotePPortInfoExists=false, uninni=null, pportLegacyOrgInd=null, cardType=null, ds1CktId=null, evcName=null, nVlanIdTop=null, deviceSubRole=null, remotePportClfi=null, remotePportDiverseCktId=null, remotePportAafdaRole=null, remotePportPortNum=null, remotePportKey=null, duplicate=false, originalIdentifier=null, sendToCdc=false, passthru=false, containingPPort=null, lPortScpService=null, cdcPportClfi=null, localPeeringPort=null, remotePeeringPort=null, aafDaRole=null, diverseCircuitID=null, relatedCLLI=null, relatedPortAID=null, decomposed=false, decomposedAlarms=null, redundantNNIPorts=null, hasMis=false, issendToCpeCdc=false, additionalCLFIInfo=null, remotePPortHasMis=false, correspondingPPortRemoteDeviceType=null, lportServiceName=null, localPortAid=null, hairPinIndicator=null, ptnii=null, portLagId=null, nmvlan=null, slavlan=null, remoteDeviceIpAddrFromLocalPort=null, remoteDeviceTypeFromLocalPort=null, remotePePportInstanceName=null, remotePePportClfi=null, remotePePportDevieType=null, remotePePportPortAid=null, remotePePportPortNum=null, deviceRole=null, isCpeCdcEvent=false, vlanId=null, isPurgeIntervalExpired=null]</objectToString>
</org.drools.audit.event.ObjectLogEvent>
<org.drools.audit.event.ObjectLogEvent>
  <type>3</type>
  <factId>5</factId>
  <objectToString>EnrichedAlarm [tunable=null, suppressed=false, alarmState=pending, nodeType=PE, deviceType=JUNIPER MX SERIES, alarmTargetExists=true, deviceLevelExists=false, origMEClass=EVCNODE, deviceName=null, deviceModel=null, portAid=null, operational=true, remoteDeviceIpaddr=null, remoteDeviceType=CIENA NTE, remotePortAid=null, remotePortNumber=null, datasource=null, inEffect=null, multiUni=null, multiNni=null, sequenceNumber=0, remotePportInstanceName=null, remoteDeviceModel=null, remoteDeviceName=null, legacyOrgInd=null, severity=1, pportInfoExists=false, remotePPortInfoExists=false, uninni=null, pportLegacyOrgInd=null, cardType=null, ds1CktId=null, evcName=null, nVlanIdTop=null, deviceSubRole=null, remotePportClfi=null, remotePportDiverseCktId=null, remotePportAafdaRole=unknown, remotePportPortNum=null, remotePportKey=null, duplicate=false, originalIdentifier=null, sendToCdc=false, passthru=false, containingPPort=null, lPortScpService=null, cdcPportClfi=null, localPeeringPort=null, remotePeeringPort=null, aafDaRole=null, diverseCircuitID=null, relatedCLLI=null, relatedPortAID=null, decomposed=false, decomposedAlarms=null, redundantNNIPorts=null, hasMis=false, issendToCpeCdc=false, additionalCLFIInfo=null, remotePPortHasMis=false, correspondingPPortRemoteDeviceType=null, lportServiceName=null, localPortAid=null, hairPinIndicator=null, ptnii=null, portLagId=null, nmvlan=null, slavlan=null, remoteDeviceIpAddrFromLocalPort=null, remoteDeviceTypeFromLocalPort=null, remotePePportInstanceName=null, remotePePportClfi=null, remotePePportDevieType=null, remotePePportPortAid=null, remotePePportPortNum=null, deviceRole=null, isCpeCdcEvent=false, vlanId=null, isPurgeIntervalExpired=null]</objectToString>
</org.drools.audit.event.ObjectLogEvent>
<org.drools.audit.event.ActivationLogEvent>
  <type>7</type>
  <activationId>Process VPN [-1]</activationId>
  <rule>Process VPN</rule>
  <declarations></declarations>
</org.drools.audit.event.ActivationLogEvent>
<org.drools.audit.event.ObjectLogEvent>
  <type>2</type>
  <factId>1</factId>
  <objectToString>id=tick val=false desc=Recurrent tick</objectToString>
</org.drools.audit.event.ObjectLogEvent>
</object-stream>
</object-stream>
